<?xml version="1.0" encoding="UTF-8"?>
<!-- Generated by org.testng.reporters.JUnitReportReporter -->
<testsuite hostname="DESKTOP-HO8PPFB" failures="0" tests="2" name="restmethods.GetRequest" time="4.733" errors="0" timestamp="2023-04-04T17:14:51 IST" skipped="0">
  <testcase classname="restmethods.GetRequest" name="getRequestautomation" time="2.425"/>
  <system-out/>
  <testcase classname="restmethods.GetRequest" name="getRequest" time="2.308"/>
  <system-out/>
</testsuite> <!-- restmethods.GetRequest -->
