<?xml version="1.0" encoding="UTF-8"?>
<!-- Generated by org.testng.reporters.JUnitReportReporter -->
<testsuite hostname="DESKTOP-HO8PPFB" failures="0" tests="2" name="restmethods.Postrequest" time="1.972" errors="0" timestamp="2022-12-01T15:27:54 IST" skipped="0">
  <testcase classname="restmethods.Postrequest" name="pingIP" time="0.009"/>
  <system-out/>
  <testcase classname="restmethods.Postrequest" name="postrequest" time="1.963"/>
  <system-out/>
</testsuite> <!-- restmethods.Postrequest -->
