<?xml version="1.0" encoding="UTF-8"?>
<!-- Generated by org.testng.reporters.JUnitReportReporter -->
<testsuite hostname="DESKTOP-HO8PPFB" failures="0" tests="1" name="RestAutomation.RestAutomation.AppTest" time="0.020" errors="0" timestamp="2022-11-17T10:27:43 IST" skipped="0">
  <testcase classname="RestAutomation.RestAutomation.AppTest" name="shouldAnswerWithTrue" time="0.020"/>
  <system-out/>
</testsuite> <!-- RestAutomation.RestAutomation.AppTest -->
